{
  "0 debug pnpm:scope": {
    "selected": 1,
    "workspacePrefix": "C:\\WorkSpace\\monorepo"
  },
  "1 info pnpm": {
    "err": {
      "name": "Error",
      "message": "not found: react",
      "code": "ENOENT",
      "stack": "Error: not found: react\n    at getNotFoundError (C:\\Users\\94342\\AppData\\Roaming\\npm\\node_modules\\pnpm\\dist\\pnpm.cjs:41689:51)\n    at Function.whichSync [as sync] (C:\\Users\\94342\\AppData\\Roaming\\npm\\node_modules\\pnpm\\dist\\pnpm.cjs:41766:13)\n    at getCommandAbsolutePathSync (C:\\Users\\94342\\AppData\\Roaming\\npm\\node_modules\\pnpm\\dist\\pnpm.cjs:43331:44)\n    at default_1 (C:\\Users\\94342\\AppData\\Roaming\\npm\\node_modules\\pnpm\\dist\\pnpm.cjs:43340:32)\n    at C:\\Users\\94342\\AppData\\Roaming\\npm\\node_modules\\pnpm\\dist\\pnpm.cjs:178616:39"
    }
  },
  "2 error pnpm": {
    "code": "ERR_PNPM_RECURSIVE_EXEC_FIRST_FAIL",
    "prefix": "C:\\WorkSpace\\monorepo",
    "err": {
      "name": "pnpm",
      "message": "not found: react",
      "code": "ERR_PNPM_RECURSIVE_EXEC_FIRST_FAIL",
      "stack": "Error: not found: react\n    at getNotFoundError (C:\\Users\\94342\\AppData\\Roaming\\npm\\node_modules\\pnpm\\dist\\pnpm.cjs:41689:51)\n    at Function.whichSync [as sync] (C:\\Users\\94342\\AppData\\Roaming\\npm\\node_modules\\pnpm\\dist\\pnpm.cjs:41766:13)\n    at getCommandAbsolutePathSync (C:\\Users\\94342\\AppData\\Roaming\\npm\\node_modules\\pnpm\\dist\\pnpm.cjs:43331:44)\n    at default_1 (C:\\Users\\94342\\AppData\\Roaming\\npm\\node_modules\\pnpm\\dist\\pnpm.cjs:43340:32)\n    at C:\\Users\\94342\\AppData\\Roaming\\npm\\node_modules\\pnpm\\dist\\pnpm.cjs:178616:39"
    }
  }
}